2025-01-15 18:55:21 INFO - Oracle SQL Developer Data Modeler 21.2.0.183.1957
2025-01-15 18:55:42 SEVERE - Unable to load object from XML: C:\Users\88245\projekt_bd_zal_1_magazyn_e\mapping\ExtendedMap.xml
java.io.FileNotFoundException: C:\Users\88245\projekt_bd_zal_1_magazyn_e\mapping\ExtendedMap.xml (System nie mo¿e odnaleŸæ okreœlonej œcie¿ki)
	at java.base/java.io.FileInputStream.open0(Native Method)
	at java.base/java.io.FileInputStream.open(FileInputStream.java:216)
	at java.base/java.io.FileInputStream.<init>(FileInputStream.java:157)
	at oracle.dbtools.crest.model.metadata.XMLToObjectTransformer.transformToObject(XMLToObjectTransformer.java:134)
	at oracle.dbtools.crest.model.metadata.XMLToObjectTransformer.transformToObject(XMLToObjectTransformer.java:129)
	at oracle.dbtools.crest.model.metadata.XMLTransformationManager.transformFromXMLToObject(XMLTransformationManager.java:1872)
	at oracle.dbtools.crest.model.metadata.XMLTransformationManager.transformFromXMLToObject(XMLTransformationManager.java:1820)
	at oracle.dbtools.crest.model.design.Design.openDesign(Design.java:1672)
	at oracle.dbtools.crest.swingui.ControllerApplication$1.run(ControllerApplication.java:2512)
2025-01-15 18:56:43 SEVERE - Problem with design /files directory /nC:\Users\88245\projekt_bd_zal_1_magazyn_e\dl_settings\files
2025-01-15 18:56:45 SEVERE - getDataInputStream: Can not read data
java.io.FileNotFoundException: C:\Users\88245\projekt_bd_zal_1_magazyn_e\dl_settings\rdbms\dl_settings_RDBMSSites.xml (System nie mo¿e odnaleŸæ okreœlonej œcie¿ki)
	at java.base/java.io.FileInputStream.open0(Native Method)
	at java.base/java.io.FileInputStream.open(FileInputStream.java:216)
	at java.base/java.io.FileInputStream.<init>(FileInputStream.java:157)
	at oracle.dbtools.crest.model.persistence.FileManager.getDataInputStream(FileManager.java:295)
	at oracle.dbtools.crest.model.persistence.FileManager.getDataInputStreamWithoutExtension(FileManager.java:264)
	at oracle.dbtools.crest.model.persistence.XMLPersistenceManager.getInputStreamFor(XMLPersistenceManager.java:898)
	at oracle.dbtools.crest.model.persistence.xml.AbstractXMLReader.getInputStreamFor(AbstractXMLReader.java:216)
	at oracle.dbtools.crest.model.persistence.xml.AbstractXMLReader.recreateObject(AbstractXMLReader.java:143)
	at oracle.dbtools.crest.model.persistence.xml.AbstractXMLReader.handleRecreateObject(AbstractXMLReader.java:108)
	at oracle.dbtools.crest.model.persistence.XMLPersistenceManager.read(XMLPersistenceManager.java:538)
	at oracle.dbtools.crest.model.design.Design.loadRDBMSSites(Design.java:2159)
	at oracle.dbtools.crest.model.design.Design.openDesign(Design.java:1532)
	at oracle.dbtools.crest.swingui.ControllerApplication$1.run(ControllerApplication.java:2512)
2025-01-15 18:56:45 SEVERE - Data inputstream is null (path: dl_settings/rdbms name: dl_settings_RDBMSSites)
2025-01-15 18:56:45 SEVERE - No reader for: java.lang.String
2025-01-15 18:56:45 SEVERE - getDataInputStream: Can not read data
java.io.FileNotFoundException: C:\Users\88245\projekt_bd_zal_1_magazyn_e\dl_settings\businessinfo\Business Information.xml (System nie mo¿e odnaleŸæ okreœlonej œcie¿ki)
	at java.base/java.io.FileInputStream.open0(Native Method)
	at java.base/java.io.FileInputStream.open(FileInputStream.java:216)
	at java.base/java.io.FileInputStream.<init>(FileInputStream.java:157)
	at oracle.dbtools.crest.model.persistence.FileManager.getDataInputStream(FileManager.java:295)
	at oracle.dbtools.crest.model.persistence.FileManager.getDataInputStreamWithoutExtension(FileManager.java:264)
	at oracle.dbtools.crest.model.persistence.XMLPersistenceManager.getInputStreamFor(XMLPersistenceManager.java:898)
	at oracle.dbtools.crest.model.persistence.xml.AbstractXMLReader.getInputStreamFor(AbstractXMLReader.java:216)
	at oracle.dbtools.crest.model.persistence.xml.AbstractXMLReader.recreateDesign(AbstractXMLReader.java:192)
	at oracle.dbtools.crest.model.businessinfo.BusinessInfoDesign.load(BusinessInfoDesign.java:126)
	at oracle.dbtools.crest.model.design.Design.openDesign(Design.java:1556)
	at oracle.dbtools.crest.swingui.ControllerApplication$1.run(ControllerApplication.java:2512)
2025-01-15 18:56:45 SEVERE - Data inputstream is null (path: dl_settings/businessinfo name: Business Information)
2025-01-15 18:56:45 SEVERE - getDataInputStream: Can not read data
java.io.FileNotFoundException: C:\Users\88245\projekt_bd_zal_1_magazyn_e\dl_settings\datatypes\DataTypes.xml (System nie mo¿e odnaleŸæ okreœlonej œcie¿ki)
	at java.base/java.io.FileInputStream.open0(Native Method)
	at java.base/java.io.FileInputStream.open(FileInputStream.java:216)
	at java.base/java.io.FileInputStream.<init>(FileInputStream.java:157)
	at oracle.dbtools.crest.model.persistence.FileManager.getDataInputStream(FileManager.java:295)
	at oracle.dbtools.crest.model.persistence.FileManager.getDataInputStreamWithoutExtension(FileManager.java:264)
	at oracle.dbtools.crest.model.persistence.XMLPersistenceManager.getInputStreamFor(XMLPersistenceManager.java:898)
	at oracle.dbtools.crest.model.persistence.xml.AbstractXMLReader.getInputStreamFor(AbstractXMLReader.java:216)
	at oracle.dbtools.crest.model.persistence.xml.AbstractXMLReader.recreateDesign(AbstractXMLReader.java:192)
	at oracle.dbtools.crest.model.design.datatypes.DataTypesDesign.load(DataTypesDesign.java:268)
	at oracle.dbtools.crest.model.design.Design.openDesign(Design.java:1566)
	at oracle.dbtools.crest.swingui.ControllerApplication$1.run(ControllerApplication.java:2512)
2025-01-15 18:56:45 SEVERE - Data inputstream is null (path: dl_settings/datatypes name: DataTypes)
2025-01-15 18:56:45 SEVERE - getDataInputStream: Can not read data
java.io.FileNotFoundException: C:\Users\88245\projekt_bd_zal_1_magazyn_e\dl_settings\logical\Logical.xml (System nie mo¿e odnaleŸæ okreœlonej œcie¿ki)
	at java.base/java.io.FileInputStream.open0(Native Method)
	at java.base/java.io.FileInputStream.open(FileInputStream.java:216)
	at java.base/java.io.FileInputStream.<init>(FileInputStream.java:157)
	at oracle.dbtools.crest.model.persistence.FileManager.getDataInputStream(FileManager.java:295)
	at oracle.dbtools.crest.model.persistence.FileManager.getDataInputStreamWithoutExtension(FileManager.java:264)
	at oracle.dbtools.crest.model.persistence.XMLPersistenceManager.getInputStreamFor(XMLPersistenceManager.java:898)
	at oracle.dbtools.crest.model.persistence.xml.AbstractXMLReader.getInputStreamFor(AbstractXMLReader.java:216)
	at oracle.dbtools.crest.model.persistence.xml.AbstractXMLReader.recreateDesign(AbstractXMLReader.java:192)
	at oracle.dbtools.crest.model.design.DesignPart.load(DesignPart.java:522)
	at oracle.dbtools.crest.model.design.Design.openDesign(Design.java:1575)
	at oracle.dbtools.crest.swingui.ControllerApplication$1.run(ControllerApplication.java:2512)
2025-01-15 18:56:45 SEVERE - Data inputstream is null (path: dl_settings/logical name: Logical)
2025-01-15 18:56:45 SEVERE - getDataInputStream: Can not read data
java.io.FileNotFoundException: C:\Users\88245\projekt_bd_zal_1_magazyn_e\dl_settings\mapping\ExtendedMap.xml (System nie mo¿e odnaleŸæ okreœlonej œcie¿ki)
	at java.base/java.io.FileInputStream.open0(Native Method)
	at java.base/java.io.FileInputStream.open(FileInputStream.java:216)
	at java.base/java.io.FileInputStream.<init>(FileInputStream.java:157)
	at oracle.dbtools.crest.model.persistence.FileManager.getDataInputStream(FileManager.java:295)
	at oracle.dbtools.crest.model.persistence.FileManager.getDataInputStreamWithoutExtension(FileManager.java:264)
	at oracle.dbtools.crest.model.persistence.XMLPersistenceManager.getInputStreamFor(XMLPersistenceManager.java:898)
	at oracle.dbtools.crest.model.persistence.xml.AbstractXMLReader.getInputStreamFor(AbstractXMLReader.java:216)
	at oracle.dbtools.crest.model.persistence.xml.AbstractXMLReader.recreateDesign(AbstractXMLReader.java:192)
	at oracle.dbtools.crest.model.xtdmapping.ExtendedMapBase.load(ExtendedMapBase.java:410)
	at oracle.dbtools.crest.model.design.Design.openDesign(Design.java:1670)
	at oracle.dbtools.crest.swingui.ControllerApplication$1.run(ControllerApplication.java:2512)
2025-01-15 18:56:45 SEVERE - Data inputstream is null (path: dl_settings/mapping name: ExtendedMap)
2025-01-15 18:56:45 SEVERE - getDataInputStream: Can not read data
java.io.FileNotFoundException: C:\Users\88245\projekt_bd_zal_1_magazyn_e\dl_settings\processmodel\D2FBD732-17BF-A551-32C3-2C0A0F766730.xml (System nie mo¿e odnaleŸæ okreœlonej œcie¿ki)
	at java.base/java.io.FileInputStream.open0(Native Method)
	at java.base/java.io.FileInputStream.open(FileInputStream.java:216)
	at java.base/java.io.FileInputStream.<init>(FileInputStream.java:157)
	at oracle.dbtools.crest.model.persistence.FileManager.getDataInputStream(FileManager.java:295)
	at oracle.dbtools.crest.model.persistence.FileManager.getDataInputStreamWithoutExtension(FileManager.java:264)
	at oracle.dbtools.crest.model.persistence.XMLPersistenceManager.getInputStreamFor(XMLPersistenceManager.java:898)
	at oracle.dbtools.crest.model.persistence.xml.AbstractXMLReader.getInputStreamFor(AbstractXMLReader.java:216)
	at oracle.dbtools.crest.model.persistence.xml.AbstractXMLReader.recreateDesign(AbstractXMLReader.java:192)
	at oracle.dbtools.crest.model.design.process.ProcessModel.load(ProcessModel.java:594)
	at oracle.dbtools.crest.model.design.Design.openDesign(Design.java:1717)
	at oracle.dbtools.crest.swingui.ControllerApplication$1.run(ControllerApplication.java:2512)
2025-01-15 18:56:45 SEVERE - Data inputstream is null (path: dl_settings/processmodel name: D2FBD732-17BF-A551-32C3-2C0A0F766730)
2025-01-15 18:56:45 SEVERE - getDataInputStream: Can not read data
java.io.FileNotFoundException: C:\Users\88245\projekt_bd_zal_1_magazyn_e\dl_settings\processmodel\dataflows\214906BB-45EB-6833-6EC8-837E9857D79A.xml (System nie mo¿e odnaleŸæ okreœlonej œcie¿ki)
	at java.base/java.io.FileInputStream.open0(Native Method)
	at java.base/java.io.FileInputStream.open(FileInputStream.java:216)
	at java.base/java.io.FileInputStream.<init>(FileInputStream.java:157)
	at oracle.dbtools.crest.model.persistence.FileManager.getDataInputStream(FileManager.java:295)
	at oracle.dbtools.crest.model.persistence.FileManager.getDataInputStreamWithoutExtension(FileManager.java:264)
	at oracle.dbtools.crest.model.persistence.XMLPersistenceManager.getInputStreamFor(XMLPersistenceManager.java:898)
	at oracle.dbtools.crest.model.persistence.xml.AbstractXMLReader.getInputStreamFor(AbstractXMLReader.java:216)
	at oracle.dbtools.crest.model.persistence.xml.AbstractXMLReader.recreateDesign(AbstractXMLReader.java:192)
	at oracle.dbtools.crest.model.design.process.DataFlowDesign.load(DataFlowDesign.java:562)
	at oracle.dbtools.crest.model.design.Design.openDesign(Design.java:1739)
	at oracle.dbtools.crest.swingui.ControllerApplication$1.run(ControllerApplication.java:2512)
2025-01-15 18:56:45 SEVERE - Data inputstream is null (path: dl_settings/processmodel/dataflows name: 214906BB-45EB-6833-6EC8-837E9857D79A)
2025-01-15 18:57:10 INFO - Oracle SQL Developer Data Modeler 21.2.0.183.1957
2025-01-15 19:40:03 INFO - Oracle SQL Developer Data Modeler 21.2.0.183.1957
2025-01-15 20:12:49 INFO - Oracle SQL Developer Data Modeler 21.2.0.183.1957
2025-01-22 18:32:53 INFO - Oracle SQL Developer Data Modeler 21.2.0.165.1515
2025-01-22 18:32:57 SEVERE - MOHTableOraclev9i.initColumns():
java.sql.SQLRecoverableException: Nie ma wiêcej danych do odczytu z gniazda
	at oracle.jdbc.driver.T4CMAREngineNIO.prepareForUnmarshall(T4CMAREngineNIO.java:855)
	at oracle.jdbc.driver.T4CMAREngineNIO.unmarshalUB1(T4CMAREngineNIO.java:487)
	at oracle.jdbc.driver.T4CTTIfun.receive(T4CTTIfun.java:577)
	at oracle.jdbc.driver.T4CTTIfun.doRPC(T4CTTIfun.java:291)
	at oracle.jdbc.driver.T4C8Oall.doOALL(T4C8Oall.java:492)
	at oracle.jdbc.driver.T4CPreparedStatement.doOall8(T4CPreparedStatement.java:148)
	at oracle.jdbc.driver.T4CPreparedStatement.executeForDescribe(T4CPreparedStatement.java:928)
	at oracle.jdbc.driver.OracleStatement.prepareDefineBufferAndExecute(OracleStatement.java:1158)
	at oracle.jdbc.driver.OracleStatement.executeMaybeDescribe(OracleStatement.java:1093)
	at oracle.jdbc.driver.OracleStatement.executeSQLSelect(OracleStatement.java:1402)
	at oracle.jdbc.driver.OracleStatement.doExecuteWithTimeout(OracleStatement.java:1285)
	at oracle.jdbc.driver.OraclePreparedStatement.executeInternal(OraclePreparedStatement.java:3735)
	at oracle.jdbc.driver.OraclePreparedStatement.executeQuery(OraclePreparedStatement.java:3847)
	at oracle.jdbc.driver.OraclePreparedStatementWrapper.executeQuery(OraclePreparedStatementWrapper.java:1098)
	at oracle.jdbc.proxy.oracle$1dbtools$1raptor$1proxy$1driver$1oracle$1RaptorProxyOJDBCStatement$2oracle$1jdbc$1internal$1OraclePreparedStatement$$$Proxy.executeQuery(Unknown Source)
	at oracle.dbtools.crest.imports.metadata.oracle.v9i.Columns12c.initColumns12(Columns12c.java:143)
	at oracle.dbtools.crest.imports.metadata.oracle.v9i.MOHTableOraclev9i.initColumns(MOHTableOraclev9i.java:239)
	at oracle.dbtools.crest.imports.metadata.oracle.MOHTableOracle.generate(MOHTableOracle.java:435)
	at oracle.dbtools.crest.fcp.extension.ExtractionHandlerOracle.generateDesign(ExtractionHandlerOracle.java:204)
	at oracle.dbtools.crest.fcp.ERDEditor.getTableNames(ERDEditor.java:375)
	at oracle.dbtools.crest.fcp.ERDEditor.update(ERDEditor.java:268)
	at oracle.dbtools.crest.fcp.ERDEditor$2.run(ERDEditor.java:215)
	at java.desktop/java.awt.event.InvocationEvent.dispatch(InvocationEvent.java:318)
	at java.desktop/java.awt.EventQueue.dispatchEventImpl(EventQueue.java:771)
	at java.desktop/java.awt.EventQueue$4.run(EventQueue.java:722)
	at java.desktop/java.awt.EventQueue$4.run(EventQueue.java:716)
	at java.base/java.security.AccessController.doPrivileged(AccessController.java:399)
	at java.base/java.security.ProtectionDomain$JavaSecurityAccessImpl.doIntersectionPrivilege(ProtectionDomain.java:86)
	at java.desktop/java.awt.EventQueue.dispatchEvent(EventQueue.java:741)
	at oracle.javatools.internal.ui.EventQueueWrapper._dispatchEvent(EventQueueWrapper.java:169)
	at oracle.javatools.internal.ui.EventQueueWrapper.dispatchEvent(EventQueueWrapper.java:151)
	at java.desktop/java.awt.EventDispatchThread.pumpOneEventForFilters(EventDispatchThread.java:203)
	at java.desktop/java.awt.EventDispatchThread.pumpEventsForFilter(EventDispatchThread.java:124)
	at java.desktop/java.awt.EventDispatchThread.pumpEventsForHierarchy(EventDispatchThread.java:113)
	at java.desktop/java.awt.EventDispatchThread.pumpEvents(EventDispatchThread.java:109)
	at java.desktop/java.awt.EventDispatchThread.pumpEvents(EventDispatchThread.java:101)
	at java.desktop/java.awt.EventDispatchThread.run(EventDispatchThread.java:90)
2025-01-22 18:32:57 SEVERE - java.sql.SQLRecoverableException: Zamkniête po³¹czenie
